Using pre-set license
Built from '2020.3/staging' branch; Version is '2020.3.13f1 (71691879b7f5) revision 7432472'; Using compiler version '192528614'; Build Type 'Release'
OS: 'Windows 10 Pro; OS build 19042.1526; Version 2009; 64bit' Language: 'en' Physical Memory: 32694 MB
BatchMode: 1, IsHumanControllingUs: 0, StartBugReporterOnCrash: 0, Is64bit: 1, IsPro: 0

 COMMAND LINE ARGUMENTS:
C:\Program Files\Unity\Hub\Editor\2020.3.13f1\Editor\Unity.exe
-adb2
-batchMode
-noUpm
-name
AssetImportWorker0
-projectPath
D:/Personal Game Project/2021 Projects/NodeDialogueSystem
-logFile
Logs/AssetImportWorker0.log
-srvPort
3565
Successfully changed project path to: D:/Personal Game Project/2021 Projects/NodeDialogueSystem
D:/Personal Game Project/2021 Projects/NodeDialogueSystem
Using Asset Import Pipeline V2.
Refreshing native plugins compatible for Editor in 33.35 ms, found 3 plugins.
Preloading 0 native plugins for Editor in 0.00 ms.
Initialize engine version: 2020.3.13f1 (71691879b7f5)
[Subsystems] Discovering subsystems at path C:/Program Files/Unity/Hub/Editor/2020.3.13f1/Editor/Data/Resources/UnitySubsystems
[Subsystems] Discovering subsystems at path D:/Personal Game Project/2021 Projects/NodeDialogueSystem/Assets
GfxDevice: creating device client; threaded=0
Direct3D:
    Version:  Direct3D 11.0 [level 11.1]
    Renderer: NVIDIA GeForce GTX 1070 (ID=0x1b81)
    Vendor:   
    VRAM:     8088 MB
    Driver:   30.0.14.9676
Initialize mono
Mono path[0] = 'C:/Program Files/Unity/Hub/Editor/2020.3.13f1/Editor/Data/Managed'
Mono path[1] = 'C:/Program Files/Unity/Hub/Editor/2020.3.13f1/Editor/Data/MonoBleedingEdge/lib/mono/unityjit'
Mono config path = 'C:/Program Files/Unity/Hub/Editor/2020.3.13f1/Editor/Data/MonoBleedingEdge/etc'
Using monoOptions --debugger-agent=transport=dt_socket,embedding=1,server=y,suspend=n,address=127.0.0.1:56104
Begin MonoManager ReloadAssembly
Registering precompiled unity dll's ...
Register platform support module: C:/Program Files/Unity/Hub/Editor/2020.3.13f1/Editor/Data/PlaybackEngines/WindowsStandaloneSupport/UnityEditor.WindowsStandalone.Extensions.dll
Registered in 0.001609 seconds.
Native extension for WindowsStandalone target not found
Refreshing native plugins compatible for Editor in 33.23 ms, found 3 plugins.
Preloading 0 native plugins for Editor in 0.00 ms.
Mono: successfully reloaded assembly
- Completed reload, in  0.775 seconds
Platform modules already initialized, skipping
Registering precompiled user dll's ...
Registered in 0.002973 seconds.
Begin MonoManager ReloadAssembly
Native extension for WindowsStandalone target not found
Refreshing native plugins compatible for Editor in 31.19 ms, found 3 plugins.
Preloading 0 native plugins for Editor in 0.00 ms.
Mono: successfully reloaded assembly
- Completed reload, in  1.000 seconds
Platform modules already initialized, skipping
========================================================================
Worker process is ready to serve import requests
Launched and connected shader compiler UnityShaderCompiler.exe after 0.03 seconds
Refreshing native plugins compatible for Editor in 0.66 ms, found 3 plugins.
Preloading 0 native plugins for Editor in 0.00 ms.
Unloading 2124 Unused Serialized files (Serialized files now loaded: 0)
System memory in use before: 93.9 MB.
System memory in use after: 93.8 MB.

Unloading 33 unused Assets to reduce memory usage. Loaded Objects now: 2557.
Total: 2.241900 ms (FindLiveObjects: 0.211100 ms CreateObjectMapping: 0.048500 ms MarkObjects: 1.871700 ms  DeleteObjects: 0.109900 ms)

AssetImportParameters requested are different than current active one (requested -> active):
  custom:framework-win-MediaFoundation: 216162199b28c13a410421893ffa2e32 -> 
  custom:video-decoder-ogg-theora: a1e56fd34408186e4bbccfd4996cb3dc -> 
  custom:container-muxer-webm: aa71ff27fc2769a1b78a27578f13a17b -> 
  custom:container-demuxer-webm: 4f35f7cbe854078d1ac9338744f61a02 -> 
  custom:container-demuxer-ogg: 62fdf1f143b41e24485cea50d1cbac27 -> 
  custom:video-encoder-webm-vp8: eb34c28f22e8b96e1ab97ce403110664 -> 
  custom:video-decoder-webm-vp8: 9c59270c3fd7afecdb556c50c9e8de78 -> 
  custom:audio-decoder-ogg-vorbis: bf7c407c2cedff20999df2af8eb42d56 -> 
  custom:audio-encoder-webm-vorbis: bf7c407c2cedff20999df2af8eb42d56 -> 
========================================================================
Received Import Request.
  path: Assets/DialogueSystem/Script/GameEvents.cs
  artifactKey: Guid(8cccfdcb41f04ff45b5cb458f7ab52a9) Importer(815301076,1909f56bfc062723c751e8b465ee728b)
Start importing Assets/DialogueSystem/Script/GameEvents.cs using Guid(8cccfdcb41f04ff45b5cb458f7ab52a9) Importer(815301076,1909f56bfc062723c751e8b465ee728b)  -> (artifact id: 'd6321154d7d8cac53c5e39fd644e355f') in 0.033464 seconds 
  Import took 0.036140 seconds .

========================================================================
Received Import Request.
  Time since last request: 0.000194 seconds.
  path: Assets/DialogueSystem/Script/Node.cs
  artifactKey: Guid(64d8cef09e24d2d4f89b0032a32bea54) Importer(815301076,1909f56bfc062723c751e8b465ee728b)
Start importing Assets/DialogueSystem/Script/Node.cs using Guid(64d8cef09e24d2d4f89b0032a32bea54) Importer(815301076,1909f56bfc062723c751e8b465ee728b)  -> (artifact id: '12209a674ddd430723fb99a8c1aa7d78') in 0.005796 seconds 
  Import took 0.008462 seconds .

========================================================================
Received Import Request.
  Time since last request: 0.000140 seconds.
  path: Assets/DialogueSystem/Script/DialogueManager.cs
  artifactKey: Guid(67ee02184c367ac40849ff28f104fce2) Importer(815301076,1909f56bfc062723c751e8b465ee728b)
Start importing Assets/DialogueSystem/Script/DialogueManager.cs using Guid(67ee02184c367ac40849ff28f104fce2) Importer(815301076,1909f56bfc062723c751e8b465ee728b)  -> (artifact id: 'd8f2cccfa00951e5b92fe5173e947efe') in 0.005022 seconds 
  Import took 0.016873 seconds .

========================================================================
Received Import Request.
  Time since last request: 0.548221 seconds.
  path: Assets/DialogueSystem/Script/CharacterDialogue.cs
  artifactKey: Guid(8834e331d08745c4094aa14f74aa2276) Importer(815301076,1909f56bfc062723c751e8b465ee728b)
Start importing Assets/DialogueSystem/Script/CharacterDialogue.cs using Guid(8834e331d08745c4094aa14f74aa2276) Importer(815301076,1909f56bfc062723c751e8b465ee728b)  -> (artifact id: '48b621db6af6178d1fe8d981e33d69c4') in 0.005170 seconds 
  Import took 0.007806 seconds .

========================================================================
Received Import Request.
  Time since last request: 5.146371 seconds.
  path: Assets/DialogueSystem/Script/DialogueGraph.cs
  artifactKey: Guid(0dbbf877d59e04dd0bd345bfbe440fda) Importer(815301076,1909f56bfc062723c751e8b465ee728b)
Start importing Assets/DialogueSystem/Script/DialogueGraph.cs using Guid(0dbbf877d59e04dd0bd345bfbe440fda) Importer(815301076,1909f56bfc062723c751e8b465ee728b)  -> (artifact id: '636dbb9da9062e715c29d7b4b3c86e1b') in 0.004986 seconds 
  Import took 0.008422 seconds .

========================================================================
Received Prepare
Registering precompiled user dll's ...
Registered in 0.003254 seconds.
Begin MonoManager ReloadAssembly
Native extension for WindowsStandalone target not found
Refreshing native plugins compatible for Editor in 0.53 ms, found 3 plugins.
Preloading 0 native plugins for Editor in 0.00 ms.
Mono: successfully reloaded assembly
- Completed reload, in  0.989 seconds
Platform modules already initialized, skipping
Refreshing native plugins compatible for Editor in 0.50 ms, found 3 plugins.
Preloading 0 native plugins for Editor in 0.00 ms.
Unloading 2119 Unused Serialized files (Serialized files now loaded: 0)
System memory in use before: 93.9 MB.
System memory in use after: 93.8 MB.

Unloading 21 unused Assets to reduce memory usage. Loaded Objects now: 2560.
Total: 2.488500 ms (FindLiveObjects: 0.182800 ms CreateObjectMapping: 0.049600 ms MarkObjects: 2.150700 ms  DeleteObjects: 0.104700 ms)

AssetImportParameters requested are different than current active one (requested -> active):
  custom:framework-win-MediaFoundation: 216162199b28c13a410421893ffa2e32 -> 
  custom:video-decoder-ogg-theora: a1e56fd34408186e4bbccfd4996cb3dc -> 
  custom:container-muxer-webm: aa71ff27fc2769a1b78a27578f13a17b -> 
  custom:container-demuxer-webm: 4f35f7cbe854078d1ac9338744f61a02 -> 
  custom:container-demuxer-ogg: 62fdf1f143b41e24485cea50d1cbac27 -> 
  custom:video-encoder-webm-vp8: eb34c28f22e8b96e1ab97ce403110664 -> 
  custom:video-decoder-webm-vp8: 9c59270c3fd7afecdb556c50c9e8de78 -> 
  custom:audio-decoder-ogg-vorbis: bf7c407c2cedff20999df2af8eb42d56 -> 
  custom:audio-encoder-webm-vorbis: bf7c407c2cedff20999df2af8eb42d56 -> 
========================================================================
Received Import Request.
  Time since last request: 3365.160727 seconds.
  path: Assets/DialogueSystem/Dialogues/NPC Dialogue.asset
  artifactKey: Guid(c60edd6aa5e827242a1dc0875eea51be) Importer(815301076,1909f56bfc062723c751e8b465ee728b)
Start importing Assets/DialogueSystem/Dialogues/NPC Dialogue.asset using Guid(c60edd6aa5e827242a1dc0875eea51be) Importer(815301076,1909f56bfc062723c751e8b465ee728b)  -> (artifact id: 'c5f19a0f84849c7abccdfc6a104b55d1') in 0.069485 seconds 
  Import took 0.072688 seconds .

========================================================================
Received Import Request.
  Time since last request: 4.492530 seconds.
  path: Assets/DialogueSystem/Dialogues/NPC Dialogue.asset
  artifactKey: Guid(c60edd6aa5e827242a1dc0875eea51be) Importer(815301076,1909f56bfc062723c751e8b465ee728b)
Start importing Assets/DialogueSystem/Dialogues/NPC Dialogue.asset using Guid(c60edd6aa5e827242a1dc0875eea51be) Importer(815301076,1909f56bfc062723c751e8b465ee728b)  -> (artifact id: '4868c992ff2ae8f0e67d693da3785fc9') in 0.008506 seconds 
  Import took 0.022367 seconds .

========================================================================
Received Import Request.
  Time since last request: 1.207092 seconds.
  path: Assets/DialogueSystem/Dialogues/NPC Dialogue.asset
  artifactKey: Guid(c60edd6aa5e827242a1dc0875eea51be) Importer(815301076,1909f56bfc062723c751e8b465ee728b)
Start importing Assets/DialogueSystem/Dialogues/NPC Dialogue.asset using Guid(c60edd6aa5e827242a1dc0875eea51be) Importer(815301076,1909f56bfc062723c751e8b465ee728b)  -> (artifact id: '56d18cfa16aaa49effb7a32b49b91671') in 0.002323 seconds 
  Import took 0.005254 seconds .

AssetImportWorkerClient::OnTransportError - code=2 error=End of file
